Started by user [8mha:////4MR8XGcc8WC1vFSyXthbRJw6xX+hfNI/geAd91l/40SkAAAAlx+LCAAAAAAAAP9b85aBtbiIQTGjNKU4P08vOT+vOD8nVc83PyU1x6OyILUoJzMv2y+/JJUBAhiZGBgqihhk0NSjKDWzXb3RdlLBUSYGJk8GtpzUvPSSDB8G5tKinBIGIZ+sxLJE/ZzEvHT94JKizLx0a6BxUmjGOUNodHsLgAzWEgZu/dLi1CL9gsS8lEQACjKVYMAAAAA=[0mpanda
Running in Durability level: MAX_SURVIVABILITY
[8mha:////4MP3FhXq0xb2wx0w6cTpdvzfxpH2iW4AtcG+EUJ+H4gwAAAAoh+LCAAAAAAAAP9tjTEOwjAQBM8BClpKHuFItIiK1krDC0x8GCfWnbEdkooX8TX+gCESFVvtrLSa5wtWKcKBo5UdUu8otU4GP9jS5Mixv3geZcdn2TIl9igbHBs2eJyx4YwwR1SwULBGaj0nRzbDRnX6rmuvydanHMu2V1A5c4MHCFXMWcf8hSnC9jqYxPTz/BXAFEIGsfuclm8zQVqFvQAAAA==[0m[Pipeline] Start of Pipeline
[8mha:////4AvGwtHtL/JfquD1DwJe+6UbFDhEHdjYYv3e48tKhy9RAAAApR+LCAAAAAAAAP9tjTEOwjAUQ3+KOrAycohUghExsUZZOEFIQkgb/d8mKe3EibgadyBQiQlLlmxL1nu+oE4RjhQdby12HpP2vA+jK4lPFLtroIm3dOGaMFGwXNpJkrGnpUrKFhaxClYC1hZ1oOTRZdiIVt1VExS65pxj2Q4CKm8GeAAThZxVzN8yR9jeRpMIf5y/AJj7DGxXvP/86jduZBmjwAAAAA==[0m[Pipeline] node
Running on [8mha:////4KuRsDJDhirtJyzjOJO4yCWG7GqxKf7Ygau8b7ygj2j+AAAAnB+LCAAAAAAAAP9b85aBtbiIQTGjNKU4P08vOT+vOD8nVc83PyU1x6OyILUoJzMv2y+/JJUBAhiZGBgqihhk0NSjKDWzXb3RdlLBUSYGJk8GtpzUvPSSDB8G5tKinBIGIZ+sxLJE/ZzEvHT94JKizLx0a6BxUmjGOUNodHsLgAzWEgYB/eT83ILSktQi/eCcxLJUfQCng2qgxQAAAA==[0mSlave in /Home/workspace/pipelinev2
[8mha:////4FaUytkXxmriHWPbkVYDZXyCK5v6YZdDVakQgXv3JnjaAAAApR+LCAAAAAAAAP9tjTEOwjAUQ3+KOrAycoh0gA0xsUZZOEFIQkgb/d8mKe3EibgadyBQiQlLlmxL1nu+oE4RjhQdby12HpP2vA+jK4lPFLtroIm3dOGaMFGwXNpJkrGnpUrKFhaxClYC1hZ1oOTRZdiIVt1VExS65pxj2Q4CKm8GeAAThZxVzN8yR9jeRpMIf5y/AJj7DGxXvP/86jfoP95RwAAAAA==[0m[Pipeline] {
[8mha:////4PEd9KhkwWE70g6uP7+b1ihg88dCu2o16pGkmT+oHJiyAAAApR+LCAAAAAAAAP9tjTEOwjAUQ3+KOrAycoh0gQkxsUZZOEFIQkgb/d8mKe3EibgadyBQiQlLlmxL1nu+oE4RjhQdby12HpP2vA+jK4lPFLtroIm3dOGaMFGwXNpJkrGnpUrKFhaxClYC1hZ1oOTRZdiIVt1VExS65pxj2Q4CKm8GeAAThZxVzN8yR9jeRpMIf5y/AJj7DGxXvP/86jc09154wAAAAA==[0m[Pipeline] stage
[8mha:////4IgJCAF6SwRPb6LDrm9xVvxAg5a0520a5r4IIJQE87YeAAAApR+LCAAAAAAAAP9tjTEOwjAUQ3+KOrAycoh0ggUxsUZZOEFIQkgb/d8mKe3EibgadyBQiQlLlmxL1nu+oE4RjhQdby12HpP2vA+jK4lPFLtroIm3dOGaMFGwXNpJkrGnpUrKFhaxClYC1hZ1oOTRZdiIVt1VExS65pxj2Q4CKm8GeAAThZxVzN8yR9jeRpMIf5y/AJj7DGxXvP/86jek7ggRwAAAAA==[0m[Pipeline] { (Declarative: Tool Install)
[8mha:////4ML71eDVB6FEO9d5H2A9Tuy1Bnt3DfWJv/sCU21RHWzHAAAAoh+LCAAAAAAAAP9tjTEOAiEURD9rLGwtPQTbaWGsbAmNJ0AWEZb8zwLrbuWJvJp3kLiJlZNMMm+a93rDOic4UbLcG+wdZu14DKOti0+U+lugiXu6ck2YKRguzSSpM+cFJRUDS1gDKwEbgzpQdmgLbIVXD9UGhba9lFS/o4DGdQM8gYlqLiqVL8wJdvexy4Q/z18BzLEA29ce4gfg7KmOvAAAAA==[0m[Pipeline] tool
[8mha:////4OKF6vVj+WNbMF8NE5N7jLsYLpeMD/qZy6arV69YextxAAAAoh+LCAAAAAAAAP9tjTEOAiEURD9rLGwtPQTbGRNjZUtoPAGyiLDkfxZYdytP5NW8g8RNrJxkknnTvNcb1jnBiZLl3mDvMGvHYxhtXXyi1N8CTdzTlWvCTMFwaSZJnTkvKKkYWMIaWAnYGNSBskNbYCu8eqg2KLTtpaT6HQU0rhvgCUxUc1GpfGFOsLuPXSb8ef4KYI4F2L72ED8v8DEJvAAAAA==[0m[Pipeline] envVarsForTool
[8mha:////4Mz2TSwPxtielHwr4Fj0FVdpQyrVLYDh24zTj2SWecJWAAAAoh+LCAAAAAAAAP9tjTEOAiEURD9rLGwtPQTbmRhjZUtoPAGyiLDkfxZYdytP5NW8g8RNrJxkknnTvNcb1jnBiZLl3mDvMGvHYxhtXXyi1N8CTdzTlWvCTMFwaSZJnTkvKKkYWMIaWAnYGNSBskNbYCu8eqg2KLTtpaT6HQU0rhvgCUxUc1GpfGFOsLuPXSb8ef4KYI6xADvU7j/zqggXvAAAAA==[0m[Pipeline] }
[8mha:////4BEiey60zrOMvWNc43ZXuV4SRfbRIG47iAsAyzrVuI1jAAAAox+LCAAAAAAAAP9tjTESgjAQRT84FraWHiJoYeVY2WZoPEGEGAOZXUwWofJEXs07yMiMlb/67zXv9cYyRRw5OtVYaj2lyqsu9G56auDYXgMPquGLqpgSB6tKO5Rc29OMJYvFvCzHQmNlqQqcPDnBWjfmYYpgyBVniZM7aOS+vuOJTE9lMVG+MEZsbn2dmH6dvwGMXSfId1tBtv8AExtCpb0AAAA=[0m[Pipeline] // stage
[8mha:////4O5F8wDFR0emkLCE7TDVkqFHGNq3yuF66XaokQxWmhoyAAAAph+LCAAAAAAAAP9tjTEOwjAQBC9BKWgpeYSjSHSIitZywwtMbIwT6y7YF5KKF/E1/oAhEhVb7ay0mucLqhThQNGJzmLvMbVeDGF0uYmJYn8JNImOzqIlTBSsUHZSZOxxQUVsYUlRwkrC2mIbKHl0DBvZ6buug0ZXnzjmbS+h9OYGDyhkNrOO/IU5wvY6mkT48/wVwDwwFDuGsmk+x+oNEzd2msEAAAA=[0m[Pipeline] withEnv
[8mha:////4L2m13QwIvuOO8XMi1Z8x4ZnKO9j9LcGLwBiNrpZV0tGAAAAph+LCAAAAAAAAP9tjTEOwjAUQ3+LOrAycohUZUVMrFEWThCaEJJG/7dJSjpxIq7GHWipxIQHy7ZkvdcbqhjgRMEwp7GzGFvLej+aObFMobt5yszRlbWEkbxmQmdBSp/XKihpWFWUsOGw1dh6ihZNgh138iFrL9HUlxTm7cihtGqAJxR8JicZ0rdMAfb3UUXCH+cvAKY+Qdk0ix2WZ/UBbwyqm8IAAAA=[0m[Pipeline] {
[8mha:////4FzEhuWn7ADYC6e0WJj3VYYLm6j6sqln0RCfT8kqDHp9AAAAph+LCAAAAAAAAP9tjTEOwjAUQ3+LOrAycohUwIiYukZZOEFoQkgb/V9+UtqJE3E17kBLJSY8WLYl673eUESGE7ETjcXWY6y96ELvpiQG4vYaaBANXURNGClYoeygyNhqqYqShUVZDisJa4t1oOjRJdjIRj90GTS68px42o4Scm/u8IRMTuSkOX3LyLC99SYS/jh/ATB2CfLdfrbD/Cw+y7kUycIAAAA=[0m[Pipeline] stage
[8mha:////4ApAFvFvukIA6/omi7hGrUXswj2WyHc0RFyTPwX6iZEGAAAApx+LCAAAAAAAAP9tjTEOwjAUQ3+LOrAycohUCDbE1DXKwglCE0La6P/yk9JOnIircQdaKjHhwbItWe/1hiIynIidaCy2HmPtRRd6NyUxELfXQINo6CJqwkjBCmUHRcZWS1WULCzKclhJWFusA0WPLsFGNvqhy6DRlefE03aUkHtzhydkciInzelbRobtrTeR8Mf5C4CxS5Dv9rMd5mfxAbNWnxXCAAAA[0m[Pipeline] { (Clear running apps)
[8mha:////4I7oDWWZEeedKGyZsHR96wAtqfxfC3666yy86shWNPNuAAAApB+LCAAAAAAAAP9tjTEOwjAQBC9BFLSUPOIiJKgQVVrLDS8wsTFOrDtjOyQVL+Jr/IFAJCq2WO1sM88XLFOEI0eLraHOUWocBt/baeHAsbt4HrDlMzZMib1BaQbJ2tQzSs4G5hQlLASsDDWekyObYS1adVeVV2SrU47TdxBQOn2DBxRiMmcV8xfGCJtrrxPTz/NXAGPIUG53n9qHN8W7Eii+AAAA[0m[Pipeline] tool
[8mha:////4Oz4zwszdCdCQApsG5Gvvblia5tDwXWh4ZjH9/j7hT7zAAAApR+LCAAAAAAAAP9tjTEOwjAQBC9BFLSUPOIiJESDqNJabniBiY1xYt0Z2yGpeBFf4w8EIlGxxWpnm3m+YJkiHDlabA11jlLjMPjeTgsHjt3F84Atn7FhSuwNSjNI1qaeUXI2MKcoYSFgZajxnBzZDGvRqruqvCJbnXKcvoOA0ukbPKAQkzmrmL8wRthce52Yfp6/AhhDhnK7+9Q+vAEG6D8DvgAAAA==[0m[Pipeline] envVarsForTool
[8mha:////4Bmg5sWnzTkbeT+n3DiL9ga0z/CzDvHUR+EgISkQU5SLAAAAqB+LCAAAAAAAAP9tjTEOwjAUQ3+LOrAycohUSEgMiKlrlIUThCaEtNH/5SelnTgRV+MOtFRiwoNlW7Le6w1FZDgRO9FYbD3G2osu9G5KYiBur4EG0dBF1ISRghXKDoqMrZaqKFlYlOWwkrC2WAeKHl2CjWz0Q5dBoyvPiaftKCH35g5PyORETprTt4wM21tvIuGP8xcAY5cg3+1nO8zP4gOeMTC6wgAAAA==[0m[Pipeline] withEnv
[8mha:////4KPEwhNS4Rk0zdcPJfz1v5uTymlAzB+1oElMePDL6E4dAAAApx+LCAAAAAAAAP9tjTEOwjAUQ3+LOrAycohUTCAhpq5RFk4QmhDSRv+Xn5R24kRcjTvQUokJD5ZtyXqvNxSR4UTsRGOx9RhrL7rQuymJgbi9BhpEQxdRE0YKVig7KDK2WqqiZGFRlsNKwtpiHSh6dAk2stEPXQaNrjwnnrajhNybOzwhkxM5aU7fMjJsb72JhD/OXwCMXYJ8t5/tMD+LD0rlhNLCAAAA[0m[Pipeline] {
[8mha:////4MHEBaTWqtuLoNHiExJccg2azcjGMX3V1VC7fERyMsq1AAAApB+LCAAAAAAAAP9tjTEOwjAQBC9BFLSUPOIiOhCiSmu54QUmNsaJdWdsh6TiRXyNPxCIRMUWq51t5vmCZYpw5GixNdQ5So3D4Hs7LRw4dhfPA7Z8xoYpsTcozSBZm3pGydnAnKKEhYCVocZzcmQzrEWr7qryimx1ynH6DgJKp2/wgEJM5qxi/sIYYXPtdWL6ef4KYAwZyu3uU/vwBr2eB0O+AAAA[0m[Pipeline] sh
+ docker rm -f pandaapp
Error: No such container: pandaapp
[8mha:////4PFS53ochMQCXmr3M2VwB3+ugZB5mluK0iLvnzI35KYHAAAApR+LCAAAAAAAAP9tjTEOwjAQBC9BFLSUPOICVEgoFa3lhheYxBgn1l2wHZyKF/E1/oBFJCq2WO1sM683LIOHmr3BTlNvKTQWBzeavDCx76+OE3Z8wYYpsNModZLc6tOMkqOGOUUJCwErTY3jYMlEWItOPVTlFJnqHH3+jgJK297hCYXI5qh8/MLkYXMb28D08/wVwDQMEcr9Ntfu8AEWNdkpvgAAAA==[0m[Pipeline] }
[8mha:////4HkrfrwdHXyVJ2lZHMM0TLEfgpapAI8WoNl9Hzx7bHClAAAApR+LCAAAAAAAAP9tjTEOwjAQBC9BFLSUPOKi0FAgqrRWGl5gYmOcWHfGdkgqXsTX+AMWkajYYrWzzbzesI4BThwM9poGS7Gz6N1o8sKJw3B1PGHPF+yYIjuNrZ5aVrpZsOWkYUlRwkrARlPnOFoyCbailw9ZOUmmOqeQv6OA0qo7PKEQ2ZxkSF+YA+xuo4pMP89fAczeJyj3da768AEi+zpyvgAAAA==[0m[Pipeline] // withEnv
[8mha:////4OW1eMphRag8RebMeIfEjpAmkGsYTaw6+jy+lkBTOdZ9AAAApB+LCAAAAAAAAP9tjTEOwjAQBC9BFLSUPMIRER2iSmul4QUmPowT687YDknFi/gaf8AiEhVbrHa2mdcb1jHAiYMRPdJgKXZWeDeavMTEYbg6nkTPF9ExRXYoWpxa1tgs2HJCWFKUsJKwQeocR0smwVb26qEqp8hU5xTyd5RQWn2HJxQym5MK6QtzgN1t1JHp5/krgNn7BGVd59ofPjbYp22+AAAA[0m[Pipeline] }
[8mha:////4HL/oVmDaso095XSQNnBueBPwk3pFzWwzEP521xgfUvwAAAApB+LCAAAAAAAAP9tjTEOwjAQBC9BFLSUPOIiSImo0lppeIGJjXFi3RnbIal4EV/jD1hEomKL1c4283rDOgY4cTDYaxosxc6id6PJCycOw9XxhD1fsGOK7DS2empZ6WbBlpOGJUUJKwEbTZ3jaMkk2IpePmTlJJnqnEL+jgJKq+7whEJkc5IhfWEOsLuNKjL9PH8FMHufoDzUufb1BzCenzi+AAAA[0m[Pipeline] // stage
[8mha:////4EG0GmT8YeuZLD9JIG3vQdJ9HJrqrFJYjt2DXI1JOGknAAAApx+LCAAAAAAAAP9tjTEOwjAUQ3+LOrAycohUVGyIqWuUhROEJIS00f8lSWknTsTVuAOBSkx4sGxL1nu+oIoBjhQs6wz2DqNybPCjzYlNFPqLp4l1dGaKMJI3TJhJkDbtUgUlA4uKElYc1gaVp+jQJtjwTt5l7SXa+pRC3g4cSqdv8ICCZ3KSIX3LHGB7HXUk/HH+AmAeEpS7Jluz/zyrN+6T+eXCAAAA[0m[Pipeline] stage
[8mha:////4BIL40+qnXyq/i6dGGjJsew22iCv/d0/JNX48d7p9kzbAAAApx+LCAAAAAAAAP9tjTEOwjAUQ3+LOrAycohUQjAhpq5RFk4QmhDSRv+Xn5R24kRcjTvQUokJD5ZtyXqvNxSR4UTsRGOx9RhrL7rQuymJgbi9BhpEQxdRE0YKVig7KDK2WqqiZGFRlsNKwtpiHSh6dAk2stEPXQaNrjwnnrajhNybOzwhkxM5aU7fMjJsb72JhD/OXwCMXYJ8t5/tMD+LD/hYjrHCAAAA[0m[Pipeline] { (Get Code)
[8mha:////4N9SMzgsJZwiaj3IfFTTsiXnQkceUaMosl+VIYPuGiwjAAAApR+LCAAAAAAAAP9tjTEOwjAQBC9BFLSUPOIiIUGDqNJabniBiY1xYt0Z2yGpeBFf4w8EIlGxxWpnm3m+YJkiHDlabA11jlLjMPjeTgsHjt3F84Atn7FhSuwNSjNI1qaeUXI2MKcoYSFgZajxnBzZDGvRqruqvCJbnXKcvoOA0ukbPKAQkzmrmL8wRthce52Yfp6/AhhDhnK7+9Q+vAEIWoEpvgAAAA==[0m[Pipeline] tool
[8mha:////4HCoWqU7gwGjtiGQ2Fd/HTBeQTwK60SImSu4YgzTfO6dAAAApR+LCAAAAAAAAP9tjTEOwjAQBC9BFLSUPOIiISEKRJXWcsMLTGyME+vO2A5JxYv4Gn8gEImKLVY728zzBcsU4cjRYmuoc5Qah8H3dlo4cOwungds+YwNU2JvUJpBsjb1jJKzgTlFCQsBK0ON5+TIZliLVt1V5RXZ6pTj9B0ElE7f4AGFmMxZxfyFMcLm2uvE9PP8FcAYMpTb3af24Q1Ja5owvgAAAA==[0m[Pipeline] envVarsForTool
[8mha:////4DwrswUXHu7PMrSLDA5GxlCOTBgt3IdjtBV+pbho1AACAAAAqB+LCAAAAAAAAP9tjUEKwjAURH8rXbh16SFSEARBXHUbsvEEsYkxbfi//qS2K0/k1byDrQVXzmKYGRje6w1FZDgRO9FYbD3G2osu9G5KYiBur4EG0dBF1ISRghXKDoqMrZaqKFlYlOWwkrC2WAeKHl2CjWz0Q5dBoyvPiaftKCH35g5PyORETprTt4wM21tvIuGP8xcAY5cg3+1nO8zP4gPmlJ7MwgAAAA==[0m[Pipeline] withEnv
[8mha:////4MR4lODfH6YN15X2V5x3mTN9jc2X5T2tfy4TAwJN4gKPAAAApx+LCAAAAAAAAP9tjTEOwjAUQ3+LOrAycohUYgIhpq5RFk4QmhDSRv+Xn5R24kRcjTvQUokJD5ZtyXqvNxSR4UTsRGOx9RhrL7rQuymJgbi9BhpEQxdRE0YKVig7KDK2WqqiZGFRlsNKwtpiHSh6dAk2stEPXQaNrjwnnrajhNybOzwhkxM5aU7fMjJsb72JhD/OXwCMXYJ8t5/tMD+LD0QKVszCAAAA[0m[Pipeline] {
[8mha:////4HAtA7hJPE813FvQbIgMAzBpuutLmjieUzxXpwbPP3pqAAAApR+LCAAAAAAAAP9tjTEOwjAQBC9BFLSUPOKCoEIoFa3lhheYxBgn1l2wHZyKF/E1/oBFJCq2WO1sM683LIOHmr3BTlNvKTQWBzeavDCx76+OE3Z8wYYpsNModZLc6tOMkqOGOUUJCwErTY3jYMlEWItOPVTlFJnqHH3+jgJK297hCYXI5qh8/MLkYXMb28D08/wVwDREKHeHXPvt8AHN/bm5vgAAAA==[0m[Pipeline] git
The recommended git tool is: NONE
No credentials specified
Cloning the remote Git repository
Cloning repository https://github.com/LucekC/panda_application.git
 > git init /Home/workspace/pipelinev2 # timeout=10
Fetching upstream changes from https://github.com/LucekC/panda_application.git
 > git --version # timeout=10
 > git --version # 'git version 2.17.1'
 > git fetch --tags --progress -- https://github.com/LucekC/panda_application.git +refs/heads/*:refs/remotes/origin/* # timeout=10
Avoid second fetch
Checking out Revision 69b1f540e620054938c3b8ba4fed098b73ab5c0e (refs/remotes/origin/pipeline)
Commit message: "changes"
First time build. Skipping changelog.
[8mha:////4E6Bo3jRI/7ghra26bglBCYNulUaHFJWQv6fErunPPXIAAAApR+LCAAAAAAAAP9tjTEOwjAQBC9BFLSUPOIioEIoFa3lhheYxBgn1l2wHZyKF/E1/oBFJCq2WO1sM683LIOHmr3BTlNvKTQWBzeavDCx76+OE3Z8wYYpsNModZLc6tOMkqOGOUUJCwErTY3jYMlEWItOPVTlFJnqHH3+jgJK297hCYXI5qh8/MLkYXMb28D08/wVwDQMEcr9Ntfu8AFSjtgYvgAAAA==[0m[Pipeline] }
[8mha:////4IO3xD6u7MlSCJretsdK1GInzd+O5Wl/gf2CObYP9QFTAAAApR+LCAAAAAAAAP9tjTEOwjAQBC9BFLSUPOIihQYJUaW10vACExvjxLoztkNS8SK+xh+wiETFFqudbeb1hnUMcOJgsNc0WIqdRe9GkxdOHIar4wl7vmDHFNlpbPXUstLNgi0nDUuKElYCNpo6x9GSSbAVvXzIykky1TmF/B0FlFbd4QmFyOYkQ/rCHGB3G1Vk+nn+CmD2PkG5r3PVhw9qzEvpvgAAAA==[0m[Pipeline] // withEnv
[8mha:////4AR8h2H9uVsTgQ3MbJmuPpTstSbKoJadRy7l/fgxORbBAAAApR+LCAAAAAAAAP9tjTEOwjAQBC9BFLSUPMKRiKgQVVorDS8w8WGcWHfGdkgqXsTX+AMWkajYYrWzzbzesI4BThyM6JEGS7GzwrvR5CUmDsPV8SR6voiOKbJD0eLUssZmwZYTwpKihJWEDVLnOFoyCbayVw9VOUWmOqeQv6OE0uo7PKGQ2ZxUSF+YA+xuo45MP89fAczeJyjrOtf+8AFyY6ZcvgAAAA==[0m[Pipeline] }
[8mha:////4M2gkx4KF18K/1ZVR4HNhX4S8RGDJ8i4tFIuFyuXwLd2AAAApB+LCAAAAAAAAP9tjTEOwjAQBC9BFLSUPOIiQTpEldZKwwtMbIwT687YDknFi/gaf8AiEhVbrHa2mdcb1jHAiYPBXtNgKXYWvRtNXjhxGK6OJ+z5gh1TZKex1VPLSjcLtpw0LClKWAnYaOocR0smwVb08iErJ8lU5xTydxRQWnWHJxQim5MM6QtzgN1tVJHp5/krgNn7BOWhzrWvP1xjpDa+AAAA[0m[Pipeline] // stage
[8mha:////4I2ZipXtTbF+nTxoa1SpvFLDG2x50xyQ4F+vSmf9a7BvAAAAqB+LCAAAAAAAAP9tjTEOwjAUQ3+LOrAycohUgJhQJ9aoCycITQhJo/9LkpJOnIircQcClZjwYNmWrPd8QRU8NOQ1swp7g6EzbHCjzokl8v3FUWKWzqwjDOQUa1VqSarjXFuKCmYVJSw4LBV2joJBHWHFrbiL2gnU9Sn6vB04lEbe4AEFz+QofPyWycP6OspA+OP8BcA0RCg322y7/edZvQH/S9KIwgAAAA==[0m[Pipeline] stage
[8mha:////4KhT6xK08Vlob8Kcm3DRuZZjyXyKe0QVHVN0Mj2QxZfBAAAApx+LCAAAAAAAAP9tjTEOwjAUQ3+LOrAycoh0QLAgpq5RFk4QmhDSRv+Xn5R24kRcjTvQUokJD5ZtyXqvNxSR4UTsRGOx9RhrL7rQuymJgbi9BhpEQxdRE0YKVig7KDK2WqqiZGFRlsNKwtpiHSh6dAk2stEPXQaNrjwnnrajhNybOzwhkxM5aU7fMjJsb72JhD/OXwCMXYJ8t5/tMD+LD02yRsvCAAAA[0m[Pipeline] { (Build and Junit)
[8mha:////4OakkoA5rp9Hj0uHJAJ/mHuW6fxISTlKmY6PulSstK+yAAAApR+LCAAAAAAAAP9tjTEOwjAQBC9BFLSUPOJSIEGBqNJabniBiY1xYt0Z2yGpeBFf4w8EIlGxxWpnm3m+YJkiHDlabA11jlLjMPjeTgsHjt3F84Atn7FhSuwNSjNI1qaeUXI2MKcoYSFgZajxnBzZDGvRqruqvCJbnXKcvoOA0ukbPKAQkzmrmL8wRthce52Yfp6/AhhDhnK7+9Q+vAF9GxrMvgAAAA==[0m[Pipeline] tool
[8mha:////4AdkcXAWm/84Cci0zGQYkmgpvUvfliw6lD9mClSt23nKAAAApR+LCAAAAAAAAP9tjTEOwjAQBC9BFLSUPOJSICEkRJXWcsMLTGyME+vO2A5JxYv4Gn8gEImKLVY728zzBcsU4cjRYmuoc5Qah8H3dlo4cOwungds+YwNU2JvUJpBsjb1jJKzgTlFCQsBK0ON5+TIZliLVt1V5RXZ6pTj9B0ElE7f4AGFmMxZxfyFMcLm2uvE9PP8FcAYMpTb3af24Q2yB4JLvgAAAA==[0m[Pipeline] envVarsForTool
[8mha:////4DfBgD1SzIpciP5sucNtbHgcdGjIb6pnftFjqXfqjmczAAAAqB+LCAAAAAAAAP9tjTEOwjAUQ3+LOrAycoh0QEJCiKlrlIUThCaEtNH/5SelnTgRV+MOtFRiwoNlW7Le6w1FZDgRO9FYbD3G2osu9G5KYiBur4EG0dBF1ISRghXKDoqMrZaqKFlYlOWwkrC2WAeKHl2CjWz0Q5dBoyvPiaftKCH35g5PyORETprTt4wM21tvIuGP8xcAY5cg3+1nO8zP4gOZZvKjwgAAAA==[0m[Pipeline] withEnv
 > git config remote.origin.url https://github.com/LucekC/panda_application.git # timeout=10
 > git config --add remote.origin.fetch +refs/heads/*:refs/remotes/origin/* # timeout=10
 > git rev-parse refs/remotes/origin/pipeline^{commit} # timeout=10
 > git config core.sparsecheckout # timeout=10
 > git checkout -f 69b1f540e620054938c3b8ba4fed098b73ab5c0e # timeout=10
 > git branch -a -v --no-abbrev # timeout=10
 > git checkout -b pipeline 69b1f540e620054938c3b8ba4fed098b73ab5c0e # timeout=10
[8mha:////4CRmiXI7nRRMfyQbrguEcZyir/MO2t6H7enNjaCiQ3QbAAAAqB+LCAAAAAAAAP9tjTEOwjAUQ3+LOrAycogUCRaEOrFGXThBaEJIGv1fkpR04kRcjTsQqMSEB8u2ZL3nC6rgoSGvmVXYGwydYYMbdU4ske8vjhKzdGYdYSCnWKtSS1Id59pSVDCrKGHBYamwcxQM6ggrbsVd1E6grk/R5+3AoTTyBg8oeCZH4eO3TB7W11EGwh/nLwCmIUK53WfbbT7P6g0Z/aLSwgAAAA==[0m[Pipeline] {
[8mha:////4P9wnKGcOvT6lye9bIx8Jqt6xa6DpI9N1tYom8Dnag+tAAAApB+LCAAAAAAAAP9tjTEOwjAQBC9BFLSUPOICEh2iSmu54QUmNsaJdWdsh6TiRXyNPxCIRMUWq51t5vmCZYpw5GixNdQ5So3D4Hs7LRw4dhfPA7Z8xoYpsTcozSBZm3pGydnAnKKEhYCVocZzcmQzrEWr7qryimx1ynH6DgJKp2/wgEJM5qxi/sIYYXPtdWL6ef4KYAwZyv32U7vwBl2WGva+AAAA[0m[Pipeline] sh
+ mvn clean install
[INFO] Scanning for projects...
[INFO] 
[INFO] --------------------------< pl.pandait:panda >--------------------------
[INFO] Building panda 0.0.1
[INFO] --------------------------------[ jar ]---------------------------------
[INFO] 
[INFO] --- maven-clean-plugin:3.1.0:clean (default-clean) @ panda ---
[INFO] 
[INFO] --- maven-resources-plugin:3.1.0:resources (default-resources) @ panda ---
[INFO] Using 'UTF-8' encoding to copy filtered resources.
[INFO] Copying 1 resource
[INFO] Copying 2 resources
[INFO] 
[INFO] --- maven-compiler-plugin:3.8.1:compile (default-compile) @ panda ---
[INFO] Changes detected - recompiling the module!
[INFO] Compiling 2 source files to /Home/workspace/pipelinev2/target/classes
[INFO] 
[INFO] --- maven-compiler-plugin:3.8.1:compile (default) @ panda ---
[INFO] Changes detected - recompiling the module!
[INFO] Compiling 2 source files to /Home/workspace/pipelinev2/target/classes
[INFO] 
[INFO] --- maven-resources-plugin:3.1.0:testResources (default-testResources) @ panda ---
[INFO] Using 'UTF-8' encoding to copy filtered resources.
[INFO] skip non existing resourceDirectory /Home/workspace/pipelinev2/src/test/resources
[INFO] 
[INFO] --- maven-compiler-plugin:3.8.1:testCompile (default-testCompile) @ panda ---
[INFO] Changes detected - recompiling the module!
[INFO] Compiling 3 source files to /Home/workspace/pipelinev2/target/test-classes
[INFO] 
[INFO] --- maven-surefire-plugin:2.22.2:test (default-test) @ panda ---
[INFO] 
[INFO] -------------------------------------------------------
[INFO]  T E S T S
[INFO] -------------------------------------------------------
[INFO] Running pl.pandait.panda.PandaApplicationTest
17:40:05.441 [main] DEBUG org.springframework.test.context.BootstrapUtils - Instantiating CacheAwareContextLoaderDelegate from class [org.springframework.test.context.cache.DefaultCacheAwareContextLoaderDelegate]
17:40:05.460 [main] DEBUG org.springframework.test.context.BootstrapUtils - Instantiating BootstrapContext using constructor [public org.springframework.test.context.support.DefaultBootstrapContext(java.lang.Class,org.springframework.test.context.CacheAwareContextLoaderDelegate)]
17:40:05.534 [main] DEBUG org.springframework.test.context.BootstrapUtils - Instantiating TestContextBootstrapper for test class [pl.pandait.panda.PandaApplicationTest] from class [org.springframework.boot.test.context.SpringBootTestContextBootstrapper]
17:40:05.576 [main] INFO org.springframework.boot.test.context.SpringBootTestContextBootstrapper - Neither @ContextConfiguration nor @ContextHierarchy found for test class [pl.pandait.panda.PandaApplicationTest], using SpringBootContextLoader
17:40:05.588 [main] DEBUG org.springframework.test.context.support.AbstractContextLoader - Did not detect default resource location for test class [pl.pandait.panda.PandaApplicationTest]: class path resource [pl/pandait/panda/PandaApplicationTest-context.xml] does not exist
17:40:05.592 [main] DEBUG org.springframework.test.context.support.AbstractContextLoader - Did not detect default resource location for test class [pl.pandait.panda.PandaApplicationTest]: class path resource [pl/pandait/panda/PandaApplicationTestContext.groovy] does not exist
17:40:05.593 [main] INFO org.springframework.test.context.support.AbstractContextLoader - Could not detect default resource locations for test class [pl.pandait.panda.PandaApplicationTest]: no resource found for suffixes {-context.xml, Context.groovy}.
17:40:05.597 [main] INFO org.springframework.test.context.support.AnnotationConfigContextLoaderUtils - Could not detect default configuration classes for test class [pl.pandait.panda.PandaApplicationTest]: PandaApplicationTest does not declare any static, non-private, non-final, nested classes annotated with @Configuration.
17:40:05.683 [main] DEBUG org.springframework.test.context.support.ActiveProfilesUtils - Could not find an 'annotation declaring class' for annotation type [org.springframework.test.context.ActiveProfiles] and class [pl.pandait.panda.PandaApplicationTest]
17:40:05.951 [main] DEBUG org.springframework.context.annotation.ClassPathScanningCandidateComponentProvider - Identified candidate component class: file [/Home/workspace/pipelinev2/target/classes/pl/pandait/panda/PandaApplication.class]
17:40:05.957 [main] INFO org.springframework.boot.test.context.SpringBootTestContextBootstrapper - Found @SpringBootConfiguration pl.pandait.panda.PandaApplication for test class pl.pandait.panda.PandaApplicationTest
17:40:06.364 [main] DEBUG org.springframework.boot.test.context.SpringBootTestContextBootstrapper - @TestExecutionListeners is not present for class [pl.pandait.panda.PandaApplicationTest]: using defaults.
17:40:06.365 [main] INFO org.springframework.boot.test.context.SpringBootTestContextBootstrapper - Loaded default TestExecutionListener class names from location [META-INF/spring.factories]: [org.springframework.boot.test.mock.mockito.MockitoTestExecutionListener, org.springframework.boot.test.mock.mockito.ResetMocksTestExecutionListener, org.springframework.boot.test.autoconfigure.restdocs.RestDocsTestExecutionListener, org.springframework.boot.test.autoconfigure.web.client.MockRestServiceServerResetTestExecutionListener, org.springframework.boot.test.autoconfigure.web.servlet.MockMvcPrintOnlyOnFailureTestExecutionListener, org.springframework.boot.test.autoconfigure.web.servlet.WebDriverTestExecutionListener, org.springframework.test.context.web.ServletTestExecutionListener, org.springframework.test.context.support.DirtiesContextBeforeModesTestExecutionListener, org.springframework.test.context.support.DependencyInjectionTestExecutionListener, org.springframework.test.context.support.DirtiesContextTestExecutionListener, org.springframework.test.context.transaction.TransactionalTestExecutionListener, org.springframework.test.context.jdbc.SqlScriptsTestExecutionListener, org.springframework.test.context.event.EventPublishingTestExecutionListener]
17:40:06.393 [main] DEBUG org.springframework.boot.test.context.SpringBootTestContextBootstrapper - Skipping candidate TestExecutionListener [org.springframework.test.context.transaction.TransactionalTestExecutionListener] due to a missing dependency. Specify custom listener classes or make the default listener classes and their required dependencies available. Offending class: [org/springframework/transaction/interceptor/TransactionAttributeSource]
17:40:06.394 [main] DEBUG org.springframework.boot.test.context.SpringBootTestContextBootstrapper - Skipping candidate TestExecutionListener [org.springframework.test.context.jdbc.SqlScriptsTestExecutionListener] due to a missing dependency. Specify custom listener classes or make the default listener classes and their required dependencies available. Offending class: [org/springframework/transaction/interceptor/TransactionAttribute]
17:40:06.399 [main] INFO org.springframework.boot.test.context.SpringBootTestContextBootstrapper - Using TestExecutionListeners: [org.springframework.test.context.web.ServletTestExecutionListener@79c97cb, org.springframework.test.context.support.DirtiesContextBeforeModesTestExecutionListener@2d9caaeb, org.springframework.boot.test.mock.mockito.MockitoTestExecutionListener@42a15bdc, org.springframework.boot.test.autoconfigure.SpringBootDependencyInjectionTestExecutionListener@44a59da3, org.springframework.test.context.support.DirtiesContextTestExecutionListener@27e47833, org.springframework.test.context.event.EventPublishingTestExecutionListener@6f6745d6, org.springframework.boot.test.mock.mockito.ResetMocksTestExecutionListener@27508c5d, org.springframework.boot.test.autoconfigure.restdocs.RestDocsTestExecutionListener@4f704591, org.springframework.boot.test.autoconfigure.web.client.MockRestServiceServerResetTestExecutionListener@4b5189ac, org.springframework.boot.test.autoconfigure.web.servlet.MockMvcPrintOnlyOnFailureTestExecutionListener@1e4d3ce5, org.springframework.boot.test.autoconfigure.web.servlet.WebDriverTestExecutionListener@3ddc6915]
17:40:06.407 [main] DEBUG org.springframework.test.context.support.AbstractDirtiesContextTestExecutionListener - Before test class: context [DefaultTestContext@6d7fc27 testClass = PandaApplicationTest, testInstance = [null], testMethod = [null], testException = [null], mergedContextConfiguration = [WebMergedContextConfiguration@45ac5f9b testClass = PandaApplicationTest, locations = '{}', classes = '{class pl.pandait.panda.PandaApplication}', contextInitializerClasses = '[]', activeProfiles = '{}', propertySourceLocations = '{}', propertySourceProperties = '{org.springframework.boot.test.context.SpringBootTestContextBootstrapper=true}', contextCustomizers = set[org.springframework.boot.test.context.filter.ExcludeFilterContextCustomizer@f2ff811, org.springframework.boot.test.json.DuplicateJsonObjectContextCustomizerFactory$DuplicateJsonObjectContextCustomizer@2a266d09, org.springframework.boot.test.mock.mockito.MockitoContextCustomizer@0, org.springframework.boot.test.web.client.TestRestTemplateContextCustomizer@c03cf28, org.springframework.boot.test.autoconfigure.properties.PropertyMappingContextCustomizer@0, org.springframework.boot.test.autoconfigure.web.servlet.WebDriverContextCustomizerFactory$Customizer@55b53d44], resourceBasePath = 'src/main/webapp', contextLoader = 'org.springframework.boot.test.context.SpringBootContextLoader', parent = [null]], attributes = map['org.springframework.test.context.web.ServletTestExecutionListener.activateListener' -> true]], class annotated with @DirtiesContext [false] with mode [null].
17:40:06.481 [main] DEBUG org.springframework.test.context.support.TestPropertySourceUtils - Adding inlined properties to environment: {spring.jmx.enabled=false, org.springframework.boot.test.context.SpringBootTestContextBootstrapper=true, server.port=-1}

  .   ____          _            __ _ _
 /\\ / ___'_ __ _ _(_)_ __  __ _ \ \ \ \
( ( )\___ | '_ | '_| | '_ \/ _` | \ \ \ \
 \\/  ___)| |_)| | | | | || (_| |  ) ) ) )
  '  |____| .__|_| |_|_| |_\__, | / / / /
 =========|_|==============|___/=/_/_/_/
 :: Spring Boot ::        (v2.2.4.RELEASE)

2021-06-23 17:40:07.409  INFO 2826 --- [           main] pl.pandait.panda.PandaApplicationTest    : Starting PandaApplicationTest on 01b8d307beb4 with PID 2826 (started by root in /Home/workspace/pipelinev2)
2021-06-23 17:40:07.416  INFO 2826 --- [           main] pl.pandait.panda.PandaApplicationTest    : No active profile set, falling back to default profiles: default
2021-06-23 17:40:16.076  INFO 2826 --- [           main] o.s.s.concurrent.ThreadPoolTaskExecutor  : Initializing ExecutorService 'applicationTaskExecutor'
2021-06-23 17:40:17.850  INFO 2826 --- [           main] o.s.b.a.w.s.WelcomePageHandlerMapping    : Adding welcome page: class path resource [static/index.html]
2021-06-23 17:40:18.948  INFO 2826 --- [           main] pl.pandait.panda.PandaApplicationTest    : Started PandaApplicationTest in 12.43 seconds (JVM running for 15.136)
[INFO] Tests run: 1, Failures: 0, Errors: 0, Skipped: 0, Time elapsed: 16.293 s - in pl.pandait.panda.PandaApplicationTest
[INFO] Running pl.pandait.panda.HelloControllerTest
2021-06-23 17:40:21.577  INFO 2826 --- [           main] .b.t.c.SpringBootTestContextBootstrapper : Neither @ContextConfiguration nor @ContextHierarchy found for test class [pl.pandait.panda.HelloControllerTest], using SpringBootContextLoader
2021-06-23 17:40:21.583  INFO 2826 --- [           main] o.s.t.c.support.AbstractContextLoader    : Could not detect default resource locations for test class [pl.pandait.panda.HelloControllerTest]: no resource found for suffixes {-context.xml, Context.groovy}.
2021-06-23 17:40:21.583  INFO 2826 --- [           main] t.c.s.AnnotationConfigContextLoaderUtils : Could not detect default configuration classes for test class [pl.pandait.panda.HelloControllerTest]: HelloControllerTest does not declare any static, non-private, non-final, nested classes annotated with @Configuration.
2021-06-23 17:40:21.591  INFO 2826 --- [           main] .b.t.c.SpringBootTestContextBootstrapper : Found @SpringBootConfiguration pl.pandait.panda.PandaApplication for test class pl.pandait.panda.HelloControllerTest
2021-06-23 17:40:21.593  INFO 2826 --- [           main] .b.t.c.SpringBootTestContextBootstrapper : Loaded default TestExecutionListener class names from location [META-INF/spring.factories]: [org.springframework.boot.test.mock.mockito.MockitoTestExecutionListener, org.springframework.boot.test.mock.mockito.ResetMocksTestExecutionListener, org.springframework.boot.test.autoconfigure.restdocs.RestDocsTestExecutionListener, org.springframework.boot.test.autoconfigure.web.client.MockRestServiceServerResetTestExecutionListener, org.springframework.boot.test.autoconfigure.web.servlet.MockMvcPrintOnlyOnFailureTestExecutionListener, org.springframework.boot.test.autoconfigure.web.servlet.WebDriverTestExecutionListener, org.springframework.test.context.web.ServletTestExecutionListener, org.springframework.test.context.support.DirtiesContextBeforeModesTestExecutionListener, org.springframework.test.context.support.DependencyInjectionTestExecutionListener, org.springframework.test.context.support.DirtiesContextTestExecutionListener, org.springframework.test.context.transaction.TransactionalTestExecutionListener, org.springframework.test.context.jdbc.SqlScriptsTestExecutionListener, org.springframework.test.context.event.EventPublishingTestExecutionListener]
2021-06-23 17:40:21.595  INFO 2826 --- [           main] .b.t.c.SpringBootTestContextBootstrapper : Using TestExecutionListeners: [org.springframework.test.context.web.ServletTestExecutionListener@6bbab114, org.springframework.test.context.support.DirtiesContextBeforeModesTestExecutionListener@2a7d9b41, org.springframework.boot.test.mock.mockito.MockitoTestExecutionListener@25be445f, org.springframework.boot.test.autoconfigure.SpringBootDependencyInjectionTestExecutionListener@5d1b1c2a, org.springframework.test.context.support.DirtiesContextTestExecutionListener@6397248c, org.springframework.test.context.event.EventPublishingTestExecutionListener@25f61c2c, org.springframework.boot.test.mock.mockito.ResetMocksTestExecutionListener@72bd2871, org.springframework.boot.test.autoconfigure.restdocs.RestDocsTestExecutionListener@77429040, org.springframework.boot.test.autoconfigure.web.client.MockRestServiceServerResetTestExecutionListener@2d2b6960, org.springframework.boot.test.autoconfigure.web.servlet.MockMvcPrintOnlyOnFailureTestExecutionListener@38291795, org.springframework.boot.test.autoconfigure.web.servlet.WebDriverTestExecutionListener@234c5e41]

  .   ____          _            __ _ _
 /\\ / ___'_ __ _ _(_)_ __  __ _ \ \ \ \
( ( )\___ | '_ | '_| | '_ \/ _` | \ \ \ \
 \\/  ___)| |_)| | | | | || (_| |  ) ) ) )
  '  |____| .__|_| |_|_| |_\__, | / / / /
 =========|_|==============|___/=/_/_/_/
 :: Spring Boot ::        (v2.2.4.RELEASE)

2021-06-23 17:40:22.130  INFO 2826 --- [           main] pl.pandait.panda.HelloControllerTest     : Starting HelloControllerTest on 01b8d307beb4 with PID 2826 (started by root in /Home/workspace/pipelinev2)
2021-06-23 17:40:22.132  INFO 2826 --- [           main] pl.pandait.panda.HelloControllerTest     : No active profile set, falling back to default profiles: default
2021-06-23 17:40:28.042  INFO 2826 --- [           main] o.s.b.w.embedded.tomcat.TomcatWebServer  : Tomcat initialized with port(s): 0 (http)
2021-06-23 17:40:28.116  INFO 2826 --- [           main] o.apache.catalina.core.StandardService   : Starting service [Tomcat]
2021-06-23 17:40:28.116  INFO 2826 --- [           main] org.apache.catalina.core.StandardEngine  : Starting Servlet engine: [Apache Tomcat/9.0.30]
2021-06-23 17:40:32.134  INFO 2826 --- [           main] o.a.c.c.C.[Tomcat].[localhost].[/]       : Initializing Spring embedded WebApplicationContext
2021-06-23 17:40:32.139  INFO 2826 --- [           main] o.s.web.context.ContextLoader            : Root WebApplicationContext: initialization completed in 9993 ms
2021-06-23 17:40:35.443  INFO 2826 --- [           main] o.s.s.concurrent.ThreadPoolTaskExecutor  : Initializing ExecutorService 'applicationTaskExecutor'
2021-06-23 17:40:36.029  INFO 2826 --- [           main] o.s.b.a.w.s.WelcomePageHandlerMapping    : Adding welcome page: class path resource [static/index.html]
2021-06-23 17:40:51.256  INFO 2826 --- [           main] o.s.b.w.embedded.tomcat.TomcatWebServer  : Tomcat started on port(s): 45357 (http) with context path ''
2021-06-23 17:40:51.342  INFO 2826 --- [           main] pl.pandait.panda.HelloControllerTest     : Started HelloControllerTest in 29.736 seconds (JVM running for 47.529)
2021-06-23 17:40:54.652  INFO 2826 --- [           main] o.s.mock.web.MockServletContext          : Initializing Spring TestDispatcherServlet ''
2021-06-23 17:40:55.118  INFO 2826 --- [           main] o.s.t.web.servlet.TestDispatcherServlet  : Initializing Servlet ''
2021-06-23 17:40:56.283  INFO 2826 --- [           main] o.s.t.web.servlet.TestDispatcherServlet  : Completed initialization in 1110 ms
[INFO] Tests run: 1, Failures: 0, Errors: 0, Skipped: 0, Time elapsed: 51.69 s - in pl.pandait.panda.HelloControllerTest
2021-06-23 17:41:15.591  INFO 2826 --- [extShutdownHook] o.s.s.concurrent.ThreadPoolTaskExecutor  : Shutting down ExecutorService 'applicationTaskExecutor'
2021-06-23 17:41:15.591  INFO 2826 --- [extShutdownHook] o.s.s.concurrent.ThreadPoolTaskExecutor  : Shutting down ExecutorService 'applicationTaskExecutor'
[INFO] 
[INFO] Results:
[INFO] 
[INFO] Tests run: 2, Failures: 0, Errors: 0, Skipped: 0
[INFO] 
[INFO] 
[INFO] --- maven-surefire-plugin:2.22.2:test (default) @ panda ---
[INFO] Skipping execution of surefire because it has already been run for this configuration
[INFO] 
[INFO] --- maven-jar-plugin:3.1.2:jar (default-jar) @ panda ---
[INFO] Building jar: /Home/workspace/pipelinev2/target/panda-0.0.1.jar
[INFO] 
[INFO] --- spring-boot-maven-plugin:2.2.4.RELEASE:repackage (repackage) @ panda ---
[INFO] Replacing main artifact with repackaged archive
[INFO] 
[INFO] --- maven-install-plugin:2.5.2:install (default-install) @ panda ---
[INFO] Installing /Home/workspace/pipelinev2/target/panda-0.0.1.jar to /root/.m2/repository/pl/pandait/panda/0.0.1/panda-0.0.1.jar
[INFO] Installing /Home/workspace/pipelinev2/pom.xml to /root/.m2/repository/pl/pandait/panda/0.0.1/panda-0.0.1.pom
[INFO] ------------------------------------------------------------------------
[INFO] BUILD SUCCESS
[INFO] ------------------------------------------------------------------------
[INFO] Total time:  01:32 min
[INFO] Finished at: 2021-06-23T17:41:26Z
[INFO] ------------------------------------------------------------------------
[8mha:////4Kir2PVAmDE+4u5r+jjPbe2xAmqPOcHt/SRr1OV5vMjnAAAApB+LCAAAAAAAAP9tjTEOwjAQBC9BFLSUPOKCEB2iSmu54QUmNsaJdWdsh6TiRXyNPxCIRMUWq51t5vmCZYpw5GixNdQ5So3D4Hs7LRw4dhfPA7Z8xoYpsTcozSBZm3pGydnAnKKEhYCVocZzcmQzrEWr7qryimx1ynH6DgJKp2/wgEJM5qxi/sIYYXPtdWL6ef4KYAwhQ7nffWr7BlDdbXS+AAAA[0m[Pipeline] }
[8mha:////4HtYYsAOmblpbYLSsFIw/IzpjuWMANF+kNawo6UnPOKjAAAApR+LCAAAAAAAAP9tjTEOwjAQBC9BFLSUPOJShAYhqrRWGl5gYmOcWHfGdkgqXsTX+AMWkajYYrWzzbzesI4BThwM9poGS7Gz6N1o8sKJw3B1PGHPF+yYIjuNrZ5aVrpZsOWkYUlRwkrARlPnOFoyCbailw9ZOUmmOqeQv6OA0qo7PKEQ2ZxkSF+YA+xuo4pMP89fAczeJyj3da768AGWIKyJvgAAAA==[0m[Pipeline] // withEnv
[8mha:////4FxnXWzyP+r8Gsrk0Mqx9DuALgXjtts5PMJgKRWUI7lJAAAApR+LCAAAAAAAAP9tjTEOwjAQBC9BFLSUPMIpiGgQVVorDS8w8WGcWHfGdkgqXsTX+AMWkajYYrWzzbzesI4BThyM6JEGS7GzwrvR5CUmDsPV8SR6voiOKbJD0eLUssZmwZYTwpKihJWEDVLnOFoyCbayVw9VOUWmOqeQv6OE0uo7PKGQ2ZxUSF+YA+xuo45MP89fAczeJyjrOtf+8AG/DRYEvgAAAA==[0m[Pipeline] }
[8mha:////4G7SkK1l29rNzRNxzxAG/kzjzwItcoBPOqv8Ur/PA78zAAAApB+LCAAAAAAAAP9tjTEOwjAQBC9BFLSUPOJSQCpEldZKwwtMbIwT687YDknFi/gaf8AiEhVbrHa2mdcb1jHAiYPBXtNgKXYWvRtNXjhxGK6OJ+z5gh1TZKex1VPLSjcLtpw0LClKWAnYaOocR0smwVb08iErJ8lU5xTydxRQWnWHJxQim5MM6QtzgN1tVJHp5/krgNn7BOWhzrWvP6CPQ1a+AAAA[0m[Pipeline] // stage
[8mha:////4FWBkzJNrG3v3vj9tRlbSHfyLgSVBkn3aZ046Za6bB2LAAAAqB+LCAAAAAAAAP9tjTEOwjAUQ3+LOrAycohUIMSCOrFGXThBaEJIGv1fkpR04kRcjTsQqMSEB8u2ZL3nC6rgoSGvmVXYGwydYYMbdU4ske8vjhKzdGYdYSCnWKtSS1Id59pSVDCrKGHBYamwcxQM6ggrbsVd1E6grk/R5+3AoTTyBg8oeCZH4eO3TB7W11EGwh/nLwCmIUK52Wbb7T/P6g3fB+HLwgAAAA==[0m[Pipeline] stage
[8mha:////4EGNDWB2SxhlJNAXZf7SVoAcfy4GQ8XF6uO+uUum862iAAAApx+LCAAAAAAAAP9tjTEOwjAUQ3+LOrAycoh0QTAgpq5RFk4QmhDSRv+Xn5R24kRcjTvQUokJD5ZtyXqvNxSR4UTsRGOx9RhrL7rQuymJgbi9BhpEQxdRE0YKVig7KDK2WqqiZGFRlsNKwtpiHSh6dAk2stEPXQaNrjwnnrajhNybOzwhkxM5aU7fMjJsb72JhD/OXwCMXYJ8t5/tMD+LD+jQxyjCAAAA[0m[Pipeline] { (Build Docker image)
[8mha:////4LDpS8ACLLMRmJa3Hur7CW5abtuygGdwymSHy0pn7kRIAAAApR+LCAAAAAAAAP9tjTEOwjAQBC9BFLSUPOLSIIGEqNJabniBiY1xYt0Z2yGpeBFf4w8EIlGxxWpnm3m+YJkiHDlabA11jlLjMPjeTgsHjt3F84Atn7FhSuwNSjNI1qaeUXI2MKcoYSFgZajxnBzZDGvRqruqvCJbnXKcvoOA0ukbPKAQkzmrmL8wRthce52Yfp6/AhhDhnK7+9Q+vAGaE3/ivgAAAA==[0m[Pipeline] tool
[8mha:////4AOSP8500ReATzjT4jk2psEImIRvsdd5XGAdpDaB6WBgAAAApR+LCAAAAAAAAP9tjTEOwjAQBC9BFLSUPOLSICGEqNJabniBiY1xYt0Z2yGpeBFf4w8EIlGxxWpnm3m+YJkiHDlabA11jlLjMPjeTgsHjt3F84Atn7FhSuwNSjNI1qaeUXI2MKcoYSFgZajxnBzZDGvRqruqvCJbnXKcvoOA0ukbPKAQkzmrmL8wRthce52Yfp6/AhhDhnK7+9Q+vAHbImT7vgAAAA==[0m[Pipeline] envVarsForTool
[8mha:////4OLNEkfPzzFW4nlxqcaVpD3SSYIuFxrgzUTtleLF4FRiAAAAqB+LCAAAAAAAAP9tjTEOwjAUQ3+LOrAycoiUAcSAOrFGXThBaEJIGv1fkpR04kRcjTsQqMSEB8u2ZL3nC6rgoSGvmVXYGwydYYMbdU4ske8vjhKzdGYdYSCnWKtSS1Id59pSVDCrKGHBYamwcxQM6ggrbsVd1E6grk/R5+3AoTTyBg8oeCZH4eO3TB7W11EGwh/nLwCmIUK53WfbbT7P6g0kNDtSwgAAAA==[0m[Pipeline] withEnv
[8mha:////4DxGWYUSHGq2KNdV45Pj9lYLxDL6/kDDjE+46DoB67k5AAAApx+LCAAAAAAAAP9tjTEOwjAUQ3+LOrAycogUBibE1DXKwglCE0La6P/yk9JOnIircQdaKjHhwbItWe/1hiIynIidaCy2HmPtRRd6NyUxELfXQINo6CJqwkjBCmUHRcZWS1WULCzKclhJWFusA0WPLsFGNvqhy6DRlefE03aUkHtzhydkciInzelbRobtrTeR8Mf5C4CxS5AfdrPt52fxAW2++SvCAAAA[0m[Pipeline] {
[8mha:////4H3cvGoEPSOoYhNCFa0cB2hxgwrDSszxZx44QNK9KjxGAAAApB+LCAAAAAAAAP9tjTEOwjAQBC9BFLSUPOIikKgQVVrLDS8wsTFOrDtjOyQVL+Jr/IFAJCq2WO1sM88XLFOEI0eLraHOUWocBt/baeHAsbt4HrDlMzZMib1BaQbJ2tQzSs4G5hQlLASsDDWekyObYS1adVeVV2SrU47TdxBQOn2DBxRiMmcV8xfGCJtrrxPTz/NXAGPIUO63n9qFN4OkKLa+AAAA[0m[Pipeline] sh
+ mvn package -Pdocker
[INFO] Scanning for projects...
[INFO] 
[INFO] --------------------------< pl.pandait:panda >--------------------------
[INFO] Building panda 0.0.1
[INFO] --------------------------------[ jar ]---------------------------------
Downloading from central: https://repo.maven.apache.org/maven2/com/spotify/dockerfile-maven-plugin/1.4.13/dockerfile-maven-plugin-1.4.13.pom
Progress (1): 2.7/5.6 kBProgress (1): 5.5/5.6 kBProgress (1): 5.6 kB                        Downloaded from central: https://repo.maven.apache.org/maven2/com/spotify/dockerfile-maven-plugin/1.4.13/dockerfile-maven-plugin-1.4.13.pom (5.6 kB at 6.2 kB/s)
Downloading from central: https://repo.maven.apache.org/maven2/com/spotify/dockerfile-maven/1.4.13/dockerfile-maven-1.4.13.pom
Progress (1): 2.4 kB                    Downloaded from central: https://repo.maven.apache.org/maven2/com/spotify/dockerfile-maven/1.4.13/dockerfile-maven-1.4.13.pom (2.4 kB at 22 kB/s)
Downloading from central: https://repo.maven.apache.org/maven2/com/spotify/foss-root/6/foss-root-6.pom
Progress (1): 2.7/8.3 kBProgress (1): 5.5/8.3 kBProgress (1): 8.2/8.3 kBProgress (1): 8.3 kB                        Downloaded from central: https://repo.maven.apache.org/maven2/com/spotify/foss-root/6/foss-root-6.pom (8.3 kB at 88 kB/s)
Downloading from central: https://repo.maven.apache.org/maven2/com/spotify/dockerfile-maven-plugin/1.4.13/dockerfile-maven-plugin-1.4.13.jar
Progress (1): 2.7/39 kBProgress (1): 5.5/39 kBProgress (1): 8.2/39 kBProgress (1): 11/39 kB Progress (1): 14/39 kBProgress (1): 16/39 kBProgress (1): 19/39 kBProgress (1): 22/39 kBProgress (1): 25/39 kBProgress (1): 27/39 kBProgress (1): 30/39 kBProgress (1): 33/39 kBProgress (1): 36/39 kBProgress (1): 38/39 kBProgress (1): 39 kB                      Downloaded from central: https://repo.maven.apache.org/maven2/com/spotify/dockerfile-maven-plugin/1.4.13/dockerfile-maven-plugin-1.4.13.jar (39 kB at 307 kB/s)
[INFO] 
[INFO] --- maven-resources-plugin:3.1.0:resources (default-resources) @ panda ---
[INFO] Using 'UTF-8' encoding to copy filtered resources.
[INFO] Copying 1 resource
[INFO] Copying 2 resources
[INFO] 
[INFO] --- maven-compiler-plugin:3.8.1:compile (default-compile) @ panda ---
[INFO] Nothing to compile - all classes are up to date
[INFO] 
[INFO] --- maven-compiler-plugin:3.8.1:compile (default) @ panda ---
[INFO] Nothing to compile - all classes are up to date
[INFO] 
[INFO] --- maven-resources-plugin:3.1.0:testResources (default-testResources) @ panda ---
[INFO] Using 'UTF-8' encoding to copy filtered resources.
[INFO] skip non existing resourceDirectory /Home/workspace/pipelinev2/src/test/resources
[INFO] 
[INFO] --- maven-compiler-plugin:3.8.1:testCompile (default-testCompile) @ panda ---
[INFO] Nothing to compile - all classes are up to date
[INFO] 
[INFO] --- maven-surefire-plugin:2.22.2:test (default-test) @ panda ---
[INFO] 
[INFO] -------------------------------------------------------
[INFO]  T E S T S
[INFO] -------------------------------------------------------
[INFO] Running pl.pandait.panda.PandaApplicationSeleniumTest
Jun 23, 2021 5:41:37 PM org.openqa.selenium.remote.DesiredCapabilities firefox
INFO: Using `new FirefoxOptions()` is preferred to `DesiredCapabilities.firefox()`
Jun 23, 2021 5:42:41 PM org.openqa.selenium.remote.DesiredCapabilities firefox
INFO: Using `new FirefoxOptions()` is preferred to `DesiredCapabilities.firefox()`
[ERROR] Tests run: 2, Failures: 0, Errors: 2, Skipped: 0, Time elapsed: 125.866 s <<< FAILURE! - in pl.pandait.panda.PandaApplicationSeleniumTest
[ERROR] greetings_shouldOpenMainPageThenReturnWelcomeText  Time elapsed: 64.237 s  <<< ERROR!
org.openqa.selenium.TimeoutException: 
Connection refused (os error 111)
Build info: version: '3.141.59', revision: 'e82be7d358', time: '2018-11-14T08:25:53'
System info: host: 'a3ebea7a3f8e', ip: '172.22.0.6', os.name: 'Linux', os.arch: 'amd64', os.version: '4.15.0-128-generic', java.version: '1.8.0_292'
Driver info: driver.version: unknown
remote stacktrace: 
Command duration or timeout: 62.82 seconds
	at pl.pandait.panda.PandaApplicationSeleniumTest.startup(PandaApplicationSeleniumTest.java:36)
Caused by: org.openqa.selenium.TimeoutException: 
Connection refused (os error 111)
Build info: version: '3.141.59', revision: 'e82be7d358', time: '2018-11-14T08:25:53'
System info: host: 'a3ebea7a3f8e', ip: '172.22.0.6', os.name: 'Linux', os.arch: 'amd64', os.version: '4.15.0-128-generic', java.version: '1.8.0_292'
Driver info: driver.version: unknown
remote stacktrace: 
Build info: version: '3.141.59', revision: 'e82be7d358', time: '2018-11-14T08:17:03'
System info: host: '01b8d307beb4', ip: '172.22.0.5', os.name: 'Linux', os.arch: 'amd64', os.version: '4.15.0-128-generic', java.version: '11.0.11'
Driver info: driver.version: unknown

[ERROR] greetings_shouldOpenSubpageThenReturnGreetingsText  Time elapsed: 61.591 s  <<< ERROR!
org.openqa.selenium.TimeoutException: 
Connection refused (os error 111)
Build info: version: '3.141.59', revision: 'e82be7d358', time: '2018-11-14T08:25:53'
System info: host: 'a3ebea7a3f8e', ip: '172.22.0.6', os.name: 'Linux', os.arch: 'amd64', os.version: '4.15.0-128-generic', java.version: '1.8.0_292'
Driver info: driver.version: unknown
remote stacktrace: 
Command duration or timeout: 61.47 seconds
	at pl.pandait.panda.PandaApplicationSeleniumTest.startup(PandaApplicationSeleniumTest.java:36)
Caused by: org.openqa.selenium.TimeoutException: 
Connection refused (os error 111)
Build info: version: '3.141.59', revision: 'e82be7d358', time: '2018-11-14T08:25:53'
System info: host: 'a3ebea7a3f8e', ip: '172.22.0.6', os.name: 'Linux', os.arch: 'amd64', os.version: '4.15.0-128-generic', java.version: '1.8.0_292'
Driver info: driver.version: unknown
remote stacktrace: 
Build info: version: '3.141.59', revision: 'e82be7d358', time: '2018-11-14T08:17:03'
System info: host: '01b8d307beb4', ip: '172.22.0.5', os.name: 'Linux', os.arch: 'amd64', os.version: '4.15.0-128-generic', java.version: '11.0.11'
Driver info: driver.version: unknown

[INFO] Running pl.pandait.panda.PandaApplicationTest
17:43:43.295 [main] DEBUG org.springframework.test.context.BootstrapUtils - Instantiating CacheAwareContextLoaderDelegate from class [org.springframework.test.context.cache.DefaultCacheAwareContextLoaderDelegate]
17:43:43.330 [main] DEBUG org.springframework.test.context.BootstrapUtils - Instantiating BootstrapContext using constructor [public org.springframework.test.context.support.DefaultBootstrapContext(java.lang.Class,org.springframework.test.context.CacheAwareContextLoaderDelegate)]
17:43:43.468 [main] DEBUG org.springframework.test.context.BootstrapUtils - Instantiating TestContextBootstrapper for test class [pl.pandait.panda.PandaApplicationTest] from class [org.springframework.boot.test.context.SpringBootTestContextBootstrapper]
17:43:43.536 [main] INFO org.springframework.boot.test.context.SpringBootTestContextBootstrapper - Neither @ContextConfiguration nor @ContextHierarchy found for test class [pl.pandait.panda.PandaApplicationTest], using SpringBootContextLoader
17:43:43.550 [main] DEBUG org.springframework.test.context.support.AbstractContextLoader - Did not detect default resource location for test class [pl.pandait.panda.PandaApplicationTest]: class path resource [pl/pandait/panda/PandaApplicationTest-context.xml] does not exist
17:43:43.550 [main] DEBUG org.springframework.test.context.support.AbstractContextLoader - Did not detect default resource location for test class [pl.pandait.panda.PandaApplicationTest]: class path resource [pl/pandait/panda/PandaApplicationTestContext.groovy] does not exist
17:43:43.551 [main] INFO org.springframework.test.context.support.AbstractContextLoader - Could not detect default resource locations for test class [pl.pandait.panda.PandaApplicationTest]: no resource found for suffixes {-context.xml, Context.groovy}.
17:43:43.566 [main] INFO org.springframework.test.context.support.AnnotationConfigContextLoaderUtils - Could not detect default configuration classes for test class [pl.pandait.panda.PandaApplicationTest]: PandaApplicationTest does not declare any static, non-private, non-final, nested classes annotated with @Configuration.
17:43:43.751 [main] DEBUG org.springframework.test.context.support.ActiveProfilesUtils - Could not find an 'annotation declaring class' for annotation type [org.springframework.test.context.ActiveProfiles] and class [pl.pandait.panda.PandaApplicationTest]
17:43:44.117 [main] DEBUG org.springframework.context.annotation.ClassPathScanningCandidateComponentProvider - Identified candidate component class: file [/Home/workspace/pipelinev2/target/classes/pl/pandait/panda/PandaApplication.class]
17:43:44.119 [main] INFO org.springframework.boot.test.context.SpringBootTestContextBootstrapper - Found @SpringBootConfiguration pl.pandait.panda.PandaApplication for test class pl.pandait.panda.PandaApplicationTest
17:43:44.652 [main] DEBUG org.springframework.boot.test.context.SpringBootTestContextBootstrapper - @TestExecutionListeners is not present for class [pl.pandait.panda.PandaApplicationTest]: using defaults.
17:43:44.659 [main] INFO org.springframework.boot.test.context.SpringBootTestContextBootstrapper - Loaded default TestExecutionListener class names from location [META-INF/spring.factories]: [org.springframework.boot.test.mock.mockito.MockitoTestExecutionListener, org.springframework.boot.test.mock.mockito.ResetMocksTestExecutionListener, org.springframework.boot.test.autoconfigure.restdocs.RestDocsTestExecutionListener, org.springframework.boot.test.autoconfigure.web.client.MockRestServiceServerResetTestExecutionListener, org.springframework.boot.test.autoconfigure.web.servlet.MockMvcPrintOnlyOnFailureTestExecutionListener, org.springframework.boot.test.autoconfigure.web.servlet.WebDriverTestExecutionListener, org.springframework.test.context.web.ServletTestExecutionListener, org.springframework.test.context.support.DirtiesContextBeforeModesTestExecutionListener, org.springframework.test.context.support.DependencyInjectionTestExecutionListener, org.springframework.test.context.support.DirtiesContextTestExecutionListener, org.springframework.test.context.transaction.TransactionalTestExecutionListener, org.springframework.test.context.jdbc.SqlScriptsTestExecutionListener, org.springframework.test.context.event.EventPublishingTestExecutionListener]
17:43:44.824 [main] DEBUG org.springframework.boot.test.context.SpringBootTestContextBootstrapper - Skipping candidate TestExecutionListener [org.springframework.test.context.transaction.TransactionalTestExecutionListener] due to a missing dependency. Specify custom listener classes or make the default listener classes and their required dependencies available. Offending class: [org/springframework/transaction/interceptor/TransactionAttributeSource]
17:43:44.834 [main] DEBUG org.springframework.boot.test.context.SpringBootTestContextBootstrapper - Skipping candidate TestExecutionListener [org.springframework.test.context.jdbc.SqlScriptsTestExecutionListener] due to a missing dependency. Specify custom listener classes or make the default listener classes and their required dependencies available. Offending class: [org/springframework/transaction/interceptor/TransactionAttribute]
17:43:44.851 [main] INFO org.springframework.boot.test.context.SpringBootTestContextBootstrapper - Using TestExecutionListeners: [org.springframework.test.context.web.ServletTestExecutionListener@c20be82, org.springframework.test.context.support.DirtiesContextBeforeModesTestExecutionListener@13c612bd, org.springframework.boot.test.mock.mockito.MockitoTestExecutionListener@3ef41c66, org.springframework.boot.test.autoconfigure.SpringBootDependencyInjectionTestExecutionListener@6b739528, org.springframework.test.context.support.DirtiesContextTestExecutionListener@622ef26a, org.springframework.test.context.event.EventPublishingTestExecutionListener@41de5768, org.springframework.boot.test.mock.mockito.ResetMocksTestExecutionListener@5f577419, org.springframework.boot.test.autoconfigure.restdocs.RestDocsTestExecutionListener@28fa700e, org.springframework.boot.test.autoconfigure.web.client.MockRestServiceServerResetTestExecutionListener@3d526ad9, org.springframework.boot.test.autoconfigure.web.servlet.MockMvcPrintOnlyOnFailureTestExecutionListener@e041f0c, org.springframework.boot.test.autoconfigure.web.servlet.WebDriverTestExecutionListener@6a175569]
17:43:44.903 [main] DEBUG org.springframework.test.context.support.AbstractDirtiesContextTestExecutionListener - Before test class: context [DefaultTestContext@1e287667 testClass = PandaApplicationTest, testInstance = [null], testMethod = [null], testException = [null], mergedContextConfiguration = [WebMergedContextConfiguration@2e6ee0bc testClass = PandaApplicationTest, locations = '{}', classes = '{class pl.pandait.panda.PandaApplication}', contextInitializerClasses = '[]', activeProfiles = '{}', propertySourceLocations = '{}', propertySourceProperties = '{org.springframework.boot.test.context.SpringBootTestContextBootstrapper=true}', contextCustomizers = set[org.springframework.boot.test.context.filter.ExcludeFilterContextCustomizer@73ff4fae, org.springframework.boot.test.json.DuplicateJsonObjectContextCustomizerFactory$DuplicateJsonObjectContextCustomizer@2f9a01c1, org.springframework.boot.test.mock.mockito.MockitoContextCustomizer@0, org.springframework.boot.test.web.client.TestRestTemplateContextCustomizer@7b64240d, org.springframework.boot.test.autoconfigure.properties.PropertyMappingContextCustomizer@0, org.springframework.boot.test.autoconfigure.web.servlet.WebDriverContextCustomizerFactory$Customizer@38f57b3d], resourceBasePath = 'src/main/webapp', contextLoader = 'org.springframework.boot.test.context.SpringBootContextLoader', parent = [null]], attributes = map['org.springframework.test.context.web.ServletTestExecutionListener.activateListener' -> true]], class annotated with @DirtiesContext [false] with mode [null].
17:43:45.033 [main] DEBUG org.springframework.test.context.support.TestPropertySourceUtils - Adding inlined properties to environment: {spring.jmx.enabled=false, org.springframework.boot.test.context.SpringBootTestContextBootstrapper=true, server.port=-1}

  .   ____          _            __ _ _
 /\\ / ___'_ __ _ _(_)_ __  __ _ \ \ \ \
( ( )\___ | '_ | '_| | '_ \/ _` | \ \ \ \
 \\/  ___)| |_)| | | | | || (_| |  ) ) ) )
  '  |____| .__|_| |_|_| |_\__, | / / / /
 =========|_|==============|___/=/_/_/_/
 :: Spring Boot ::        (v2.2.4.RELEASE)

2021-06-23 17:43:46.373  INFO 3087 --- [           main] pl.pandait.panda.PandaApplicationTest    : Starting PandaApplicationTest on 01b8d307beb4 with PID 3087 (started by root in /Home/workspace/pipelinev2)
2021-06-23 17:43:46.380  INFO 3087 --- [           main] pl.pandait.panda.PandaApplicationTest    : No active profile set, falling back to default profiles: default
2021-06-23 17:43:50.084  INFO 3087 --- [           main] o.s.s.concurrent.ThreadPoolTaskExecutor  : Initializing ExecutorService 'applicationTaskExecutor'
2021-06-23 17:43:50.398  INFO 3087 --- [           main] o.s.b.a.w.s.WelcomePageHandlerMapping    : Adding welcome page: class path resource [static/index.html]
2021-06-23 17:43:50.843  INFO 3087 --- [           main] pl.pandait.panda.PandaApplicationTest    : Started PandaApplicationTest in 5.76 seconds (JVM running for 134.974)
[INFO] Tests run: 1, Failures: 0, Errors: 0, Skipped: 0, Time elapsed: 8.906 s - in pl.pandait.panda.PandaApplicationTest
[INFO] Running pl.pandait.panda.HelloControllerTest
2021-06-23 17:43:52.182  INFO 3087 --- [           main] .b.t.c.SpringBootTestContextBootstrapper : Neither @ContextConfiguration nor @ContextHierarchy found for test class [pl.pandait.panda.HelloControllerTest], using SpringBootContextLoader
2021-06-23 17:43:52.184  INFO 3087 --- [           main] o.s.t.c.support.AbstractContextLoader    : Could not detect default resource locations for test class [pl.pandait.panda.HelloControllerTest]: no resource found for suffixes {-context.xml, Context.groovy}.
2021-06-23 17:43:52.184  INFO 3087 --- [           main] t.c.s.AnnotationConfigContextLoaderUtils : Could not detect default configuration classes for test class [pl.pandait.panda.HelloControllerTest]: HelloControllerTest does not declare any static, non-private, non-final, nested classes annotated with @Configuration.
2021-06-23 17:43:52.198  INFO 3087 --- [           main] .b.t.c.SpringBootTestContextBootstrapper : Found @SpringBootConfiguration pl.pandait.panda.PandaApplication for test class pl.pandait.panda.HelloControllerTest
2021-06-23 17:43:52.200  INFO 3087 --- [           main] .b.t.c.SpringBootTestContextBootstrapper : Loaded default TestExecutionListener class names from location [META-INF/spring.factories]: [org.springframework.boot.test.mock.mockito.MockitoTestExecutionListener, org.springframework.boot.test.mock.mockito.ResetMocksTestExecutionListener, org.springframework.boot.test.autoconfigure.restdocs.RestDocsTestExecutionListener, org.springframework.boot.test.autoconfigure.web.client.MockRestServiceServerResetTestExecutionListener, org.springframework.boot.test.autoconfigure.web.servlet.MockMvcPrintOnlyOnFailureTestExecutionListener, org.springframework.boot.test.autoconfigure.web.servlet.WebDriverTestExecutionListener, org.springframework.test.context.web.ServletTestExecutionListener, org.springframework.test.context.support.DirtiesContextBeforeModesTestExecutionListener, org.springframework.test.context.support.DependencyInjectionTestExecutionListener, org.springframework.test.context.support.DirtiesContextTestExecutionListener, org.springframework.test.context.transaction.TransactionalTestExecutionListener, org.springframework.test.context.jdbc.SqlScriptsTestExecutionListener, org.springframework.test.context.event.EventPublishingTestExecutionListener]
2021-06-23 17:43:52.202  INFO 3087 --- [           main] .b.t.c.SpringBootTestContextBootstrapper : Using TestExecutionListeners: [org.springframework.test.context.web.ServletTestExecutionListener@71c0b742, org.springframework.test.context.support.DirtiesContextBeforeModesTestExecutionListener@3bbb8c16, org.springframework.boot.test.mock.mockito.MockitoTestExecutionListener@73e1ecd0, org.springframework.boot.test.autoconfigure.SpringBootDependencyInjectionTestExecutionListener@11eec06b, org.springframework.test.context.support.DirtiesContextTestExecutionListener@65600fb3, org.springframework.test.context.event.EventPublishingTestExecutionListener@25ce435, org.springframework.boot.test.mock.mockito.ResetMocksTestExecutionListener@7ea71fc2, org.springframework.boot.test.autoconfigure.restdocs.RestDocsTestExecutionListener@19ad75e5, org.springframework.boot.test.autoconfigure.web.client.MockRestServiceServerResetTestExecutionListener@7cd5fcf4, org.springframework.boot.test.autoconfigure.web.servlet.MockMvcPrintOnlyOnFailureTestExecutionListener@19cdc217, org.springframework.boot.test.autoconfigure.web.servlet.WebDriverTestExecutionListener@5f5297e3]

  .   ____          _            __ _ _
 /\\ / ___'_ __ _ _(_)_ __  __ _ \ \ \ \
( ( )\___ | '_ | '_| | '_ \/ _` | \ \ \ \
 \\/  ___)| |_)| | | | | || (_| |  ) ) ) )
  '  |____| .__|_| |_|_| |_\__, | / / / /
 =========|_|==============|___/=/_/_/_/
 :: Spring Boot ::        (v2.2.4.RELEASE)

2021-06-23 17:43:52.298  INFO 3087 --- [           main] pl.pandait.panda.HelloControllerTest     : Starting HelloControllerTest on 01b8d307beb4 with PID 3087 (started by root in /Home/workspace/pipelinev2)
2021-06-23 17:43:52.298  INFO 3087 --- [           main] pl.pandait.panda.HelloControllerTest     : No active profile set, falling back to default profiles: default
2021-06-23 17:43:53.714  INFO 3087 --- [           main] o.s.b.w.embedded.tomcat.TomcatWebServer  : Tomcat initialized with port(s): 0 (http)
2021-06-23 17:43:53.737  INFO 3087 --- [           main] o.apache.catalina.core.StandardService   : Starting service [Tomcat]
2021-06-23 17:43:53.738  INFO 3087 --- [           main] org.apache.catalina.core.StandardEngine  : Starting Servlet engine: [Apache Tomcat/9.0.30]
2021-06-23 17:43:54.392  INFO 3087 --- [           main] o.a.c.c.C.[Tomcat].[localhost].[/]       : Initializing Spring embedded WebApplicationContext
2021-06-23 17:43:54.392  INFO 3087 --- [           main] o.s.web.context.ContextLoader            : Root WebApplicationContext: initialization completed in 2082 ms
2021-06-23 17:43:54.866  INFO 3087 --- [           main] o.s.s.concurrent.ThreadPoolTaskExecutor  : Initializing ExecutorService 'applicationTaskExecutor'
2021-06-23 17:43:54.943  INFO 3087 --- [           main] o.s.b.a.w.s.WelcomePageHandlerMapping    : Adding welcome page: class path resource [static/index.html]
2021-06-23 17:43:55.797  INFO 3087 --- [           main] o.s.b.w.embedded.tomcat.TomcatWebServer  : Tomcat started on port(s): 39719 (http) with context path ''
2021-06-23 17:43:55.804  INFO 3087 --- [           main] pl.pandait.panda.HelloControllerTest     : Started HelloControllerTest in 3.59 seconds (JVM running for 139.935)
2021-06-23 17:43:55.931  INFO 3087 --- [           main] o.s.mock.web.MockServletContext          : Initializing Spring TestDispatcherServlet ''
2021-06-23 17:43:55.933  INFO 3087 --- [           main] o.s.t.web.servlet.TestDispatcherServlet  : Initializing Servlet ''
2021-06-23 17:43:55.934  INFO 3087 --- [           main] o.s.t.web.servlet.TestDispatcherServlet  : Completed initialization in 1 ms
[INFO] Tests run: 1, Failures: 0, Errors: 0, Skipped: 0, Time elapsed: 3.912 s - in pl.pandait.panda.HelloControllerTest
2021-06-23 17:43:56.351  INFO 3087 --- [extShutdownHook] o.s.s.concurrent.ThreadPoolTaskExecutor  : Shutting down ExecutorService 'applicationTaskExecutor'
2021-06-23 17:43:56.352  INFO 3087 --- [extShutdownHook] o.s.s.concurrent.ThreadPoolTaskExecutor  : Shutting down ExecutorService 'applicationTaskExecutor'
[INFO] 
[INFO] Results:
[INFO] 
[ERROR] Errors: 
[ERROR]   PandaApplicationSeleniumTest.startup:36 ? Timeout Connection refused (os error...
[ERROR]   PandaApplicationSeleniumTest.startup:36 ? Timeout Connection refused (os error...
[INFO] 
[ERROR] Tests run: 4, Failures: 0, Errors: 2, Skipped: 0
[INFO] 
[INFO] ------------------------------------------------------------------------
[INFO] BUILD FAILURE
[INFO] ------------------------------------------------------------------------
[INFO] Total time:  02:27 min
[INFO] Finished at: 2021-06-23T17:43:57Z
[INFO] ------------------------------------------------------------------------
[ERROR] Failed to execute goal org.apache.maven.plugins:maven-surefire-plugin:2.22.2:test (default-test) on project panda: There are test failures.
[ERROR] 
[ERROR] Please refer to /Home/workspace/pipelinev2/target/surefire-reports for the individual test results.
[ERROR] Please refer to dump files (if any exist) [date].dump, [date]-jvmRun[N].dump and [date].dumpstream.
[ERROR] -> [Help 1]
[ERROR] 
[ERROR] To see the full stack trace of the errors, re-run Maven with the -e switch.
[ERROR] Re-run Maven using the -X switch to enable full debug logging.
[ERROR] 
[ERROR] For more information about the errors and possible solutions, please read the following articles:
[ERROR] [Help 1] http://cwiki.apache.org/confluence/display/MAVEN/MojoFailureException
[8mha:////4Emb+imnsSC1nGHiwt6wPXQhF62iOb9PRABqPSlS/p5mAAAApB+LCAAAAAAAAP9tjTEOwjAQBC9BFLSUPOIihKgQVVrLDS8wsTFOrDtjOyQVL+Jr/IFAJCq2WO1sM88XLFOEI0eLraHOUWocBt/baeHAsbt4HrDlMzZMib1BaQbJ2tQzSs4G5hQlLASsDDWekyObYS1adVeVV2SrU47TdxBQOn2DBxRiMmcV8xfGCJtrrxPTz/NXAGMIGcr97lPbN5YEWne+AAAA[0m[Pipeline] }
[8mha:////4F6Xqr2EOUdhjUbMjpQ1YA+WseH+PKWGJaOZNNsewgYmAAAApB+LCAAAAAAAAP9tjTEOwjAQBC9BFLSUPOJCARWiSmu54QUmNsaJdWdsh6TiRXyNPxCIRMUWq51t5vmCZYpw5GixNdQ5So3D4Hs7LRw4dhfPA7Z8xoYpsTcozSBZm3pGydnAnKKEhYCVocZzcmQzrEWr7qryimx1ynH6DgJKp2/wgEJM5qxi/sIYYXPtdWL6ef4KYAwhQ7nffWr7BrgEWB2+AAAA[0m[Pipeline] // withEnv
[8mha:////4Hw5GC/UFxU5cUxy5F0c2bKt8J14FgxCScAEASybb/BvAAAApR+LCAAAAAAAAP9tjTEOwjAQBC9BFLSUPMJpiCgQVVorDS8w8WGcWHfGdkgqXsTX+AMWkajYYrWzzbzesI4BThyM6JEGS7GzwrvR5CUmDsPV8SR6voiOKbJD0eLUssZmwZYTwpKihJWEDVLnOFoyCbayVw9VOUWmOqeQv6OE0uo7PKGQ2ZxUSF+YA+xuo45MP89fAczeJyjrOtf+8AH/c3tRvgAAAA==[0m[Pipeline] }
[8mha:////4LPcdY0TKx4UmybDYVyUtZIq6XfViMGmYxbBbMD6b7f8AAAApB+LCAAAAAAAAP9tjTEOwjAQBC9BFLSUPOLSQBpEldZKwwtMbIwT687YDknFi/gaf8AiEhVbrHa2mdcb1jHAiYPBXtNgKXYWvRtNXjhxGK6OJ+z5gh1TZKex1VPLSjcLtpw0LClKWAnYaOocR0smwVb08iErJ8lU5xTydxRQWnWHJxQim5MM6QtzgN1tVJHp5/krgNn7BOWhzrWvP8cx6KC+AAAA[0m[Pipeline] // stage
[8mha:////4MtACmmi3XZtjH5PgnlfiuFU5mOkl7VmfO/Z+l60OlNsAAAAqB+LCAAAAAAAAP9tjTEOwjAUQ3+LOrAycohUICEG1Ik16sIJQhNC0uj/kqSkEyfiatyBQCUmPFi2Jes9X1AFDw15zazC3mDoDBvcqHNiiXx/cZSYpTPrCAM5xVqVWpLqONeWooJZRQkLDkuFnaNgUEdYcSvuonYCdX2KPm8HDqWRN3hAwTM5Ch+/ZfKwvo4yEP44fwEwDRHKzTbbbv95Vm/O38qmwgAAAA==[0m[Pipeline] stage
[8mha:////4N9YL6ogVu26ymgxL2TTpG8ElxeD7juvzLKXjDRyGWm0AAAApx+LCAAAAAAAAP9tjTEOwjAUQ3+LOrAycoh0QiAhpq5RFk4QmhDSRv+Xn5R24kRcjTvQUokJD5ZtyXqvNxSR4UTsRGOx9RhrL7rQuymJgbi9BhpEQxdRE0YKVig7KDK2WqqiZGFRlsNKwtpiHSh6dAk2stEPXQaNrjwnnrajhNybOzwhkxM5aU7fMjJsb72JhD/OXwCMXYJ8t5/tMD+LDyb6zSXCAAAA[0m[Pipeline] { (Run Docker app)
Stage "Run Docker app" skipped due to earlier failure(s)
[8mha:////4FQ8IqLJEn/p/wrDEx2BLaO7GyJymuCMmzeceRkqNspxAAAApB+LCAAAAAAAAP9tjTEOwjAQBC9BFLSUPOJSIYEQVVrLDS8wsTFOrDtjOyQVL+Jr/IFAJCq2WO1sM88XLFOEI0eLraHOUWocBt/baeHAsbt4HrDlMzZMib1BaQbJ2tQzSs4G5hQlLASsDDWekyObYS1adVeVV2SrU47TdxBQOn2DBxRiMmcV8xfGCJtrrxPTz/NXAGMIGcrt/lO7N1SfHa++AAAA[0m[Pipeline] }
[8mha:////4O7Lpr+ReRLiZqIsdO2k68TZswLXV4nGJ9YyFdlAsjNVAAAApR+LCAAAAAAAAP9tjTEOwjAQBC9BFLSUPOJCAxQoFa3lhheYxBgn1l2wHZyKF/E1/oBFJCq2WO1sM683LIOHmr3BTlNvKTQWBzeavDCx76+OE3Z8wYYpsNModZLc6tOMkqOGOUUJCwErTY3jYMlEWItOPVTlFJnqHH3+jgJK297hCYXI5qh8/MLkYXMb28D08/wVwDQMEcr9Ntfu8AGQyUUpvgAAAA==[0m[Pipeline] // stage
[8mha:////4BPA8bG63u0y9FZNVKndydVTtm8yGMRhrZcH06pm/TuUAAAAqB+LCAAAAAAAAP9tjTEOwjAUQ3+LOrAycohUZWBBTF2jLpwgNCEkjf4vSUo6cSKuxh0IVGLCg2Vbst7zBVXwcCSvmVU4GAy9YaObdE4skR8ujhKzdGY9YSCnWKdSR1K1S+0oKlhUlLDisFbYOwoGdYQNt+IuaidQ16fo83bgUBp5gwcUPJOj8PFbZg/b6yQD4Y/zFwDzGKFsdtn2zedZvQFOJntBwgAAAA==[0m[Pipeline] stage
[8mha:////4DK+OVDkcWRXFw+bmO24SqFr0Um408l0VFDFhB1Yf7PKAAAApx+LCAAAAAAAAP9tjTEOwjAUQ3+LOrAycohUMLAgpq5RFk4QmhDSRv+Xn5R24kRcjTvQUokJD5ZtyXqvNxSR4UTsRGOx9RhrL7rQuymJgbi9BhpEQxdRE0YKVig7KDK2WqqiZGFRlsNKwtpiHSh6dAk2stEPXQaNrjwnnrajhNybOzwhkxM5aU7fMjJsb72JhD/OXwCMXYL8sJttPz+LD27blSrCAAAA[0m[Pipeline] { (Test Selenium)
Stage "Test Selenium" skipped due to earlier failure(s)
[8mha:////4KjeMAZh3byfulCIzj16CgvUYQ7SnP4y04tiHtzTEVFkAAAApR+LCAAAAAAAAP9tjTEOwjAQBC9BFLSUPOIigUSDqNJabniBiY1xYt0Z2yGpeBFf4w8EIlGxxWpnm3m+YJkiHDlabA11jlLjMPjeTgsHjt3F84Atn7FhSuwNSjNI1qaeUXI2MKcoYSFgZajxnBzZDGvRqruqvCJbnXKcvoOA0ukbPKAQkzmrmL8wRthce52Yfp6/AhhDyFDud5/avgFyHJb0vgAAAA==[0m[Pipeline] }
[8mha:////4PpEZWGz3DGKp0Ajy8Cx64n+7EZErAZIk29LY/oXj02nAAAApR+LCAAAAAAAAP9tjTEOwjAQBC9BFLSUPOIiJESDqNJabniBiY1xYt0Z2yGpeBFf4w8EIlGxxWpnm3m+YJkiHDlabA11jlLjMPjeTgsHjt3F84Atn7FhSuwNSjNI1qaeUXI2MKcoYSFgZajxnBzZDGvRqruqvCJbnXKcvoOA0ukbPKAQkzmrmL8wRthce52Yfp6/AhhDyFDud5/avgFwfZpwvgAAAA==[0m[Pipeline] // stage
[8mha:////4EnMWsCjJKWMYV/yCeTBhwRRQTkYZK2yOJQOzw0GIK2cAAAAqB+LCAAAAAAAAP9tjTEOwjAUQ3+LOrAycohUIMGCOrFGXThBaEJIGv1fkpR04kRcjTsQqMSEB8u2ZL3nC6rgoSGvmVXYGwydYYMbdU4ske8vjhKzdGYdYSCnWKtSS1Id59pSVDCrKGHBYamwcxQM6ggrbsVd1E6grk/R5+3AoTTyBg8oeCZH4eO3TB7W11EGwh/nLwCmIUK52Wbb7z7P6g1YZOrawgAAAA==[0m[Pipeline] stage
[8mha:////4Oypa5hNFaFZgOL6x9Xy1KmAkYEnvp/Z36HRnGwMY5ytAAAAph+LCAAAAAAAAP9tjTEOwjAUQ3+DOrAycoh0ogtiYo26cILQhJA0+r9NUtKJE3E17kBLJSY8WLYl673eUMYAJwqGO42dxdha3vvRzIlnCt3NU+aOrrwljOQ1b3RuSOnzWhtKGlYVDDYCthpbT9GiSbATTj5k5SWa6pLCvB0FMKsGeEIhZnKSIX3LFGB/H1Uk/HH+AmDqE7D6sFi9PMsP+urdAcIAAAA=[0m[Pipeline] { (Deploy jar to artifactory)
Stage "Deploy jar to artifactory" skipped due to earlier failure(s)
[8mha:////4KUogeYd9gqcooFcXXQnVeiGaAJ9ZC4JHxHK0+5U7K79AAAAox+LCAAAAAAAAP9tjTESwiAURH/iWNhaegjSxcKxsmVoPAEmiBDmfwJEUnkir+YdRDNj5RY7+7Z5zxesY4AjBc2swsFg7AzzbtJlsUxhuDrKzNKFdYSRnGJCZUG9Oi0oKClYUtWw4rBR2DmKBnWCLbfyLhsnUTfnFMp34FCbfoQHVLyYkwzpC3OA3W3qI+HP81cAs/cJ6nb/qfYNfZpqaL4AAAA=[0m[Pipeline] }
[8mha:////4Atwuq5w/J5/pPCOxlnRQaA0WMbqo5k0K7c3mSfFhEJXAAAApB+LCAAAAAAAAP9tjTEOwjAQBC9BFLSUPOJSgZAQVVrLDS8wsTFOrDtjOyQVL+Jr/IFAJCq2WO1sM88XLFOEI0eLraHOUWocBt/baeHAsbt4HrDlMzZMib1BaQbJ2tQzSs4G5hQlLASsDDWekyObYS1adVeVV2SrU47TdxBQOn2DBxRiMmcV8xfGCJtrrxPTz/NXAGMIGcrd/lPbNxJ5NQC+AAAA[0m[Pipeline] // stage
[8mha:////4EJ2Tvl/YJ7a82y+auyjJznrwTb9EgnwJMIzd5i/0imnAAAAqB+LCAAAAAAAAP9tjTEOwjAUQ3+LOrAycohUMCAh1Ik16sIJQhNC0uj/kqSkEyfiatyBQCUmPFi2Jes9X1AFDw15zazC3mDoDBvcqHNiiXx/cZSYpTPrCAM5xVqVWpLqONeWooJZRQkLDkuFnaNgUEdYcSvuonYCdX2KPm8HDqWRN3hAwTM5Ch+/ZfKwvo4yEP44fwEwDRHKzTbbbv95Vm8jpCitwgAAAA==[0m[Pipeline] stage
[8mha:////4P6jsPCui4bi8qY09X+A/rTuEGOvqFbaSt5aBzBVQUOaAAAAqB+LCAAAAAAAAP9tjTEOwjAUQ3+LOrAycoiUCYRQJ9aoCycITQhJo/9LkpJOnIircQcClZjwYNmWrPd8QRU8NOQ1swp7g6EzbHCjzokl8v3FUWKWzqwjDOQUa1VqSarjXFuKCmYVJSw4LBV2joJBHWHFrbiL2gnU9Sn6vB04lEbe4AEFz+QofPyWycP6OspA+OP8BcA0RCi3+2y7zedZvQGUkOl7wgAAAA==[0m[Pipeline] { (Declarative: Post Actions)
[8mha:////4Ev/OZ0mAsChdRlA93qAzy7Vtl998Fd2cC3GYXB411FcAAAApB+LCAAAAAAAAP9tjTEOwjAQBC9BFLSUPOICFQWiSmu54QUmNsaJdWdsh6TiRXyNPxCIRMUWq51t5vmCZYpw5GixNdQ5So3D4Hs7LRw4dhfPA7Z8xoYpsTcozSBZm3pGydnAnKKEhYCVocZzcmQzrEWr7qryimx1ynH6DgJKp2/wgEJM5qxi/sIYYXPtdWL6ef4KYAwZyv32U7vwBucv03q+AAAA[0m[Pipeline] sh
+ docker stop pandaapp
Error response from daemon: No such container: pandaapp
Error when executing always post condition:
hudson.AbortException: script returned exit code 1
	at org.jenkinsci.plugins.workflow.steps.durable_task.DurableTaskStep$Execution.handleExit(DurableTaskStep.java:659)
	at org.jenkinsci.plugins.workflow.steps.durable_task.DurableTaskStep$Execution.check(DurableTaskStep.java:605)
	at org.jenkinsci.plugins.workflow.steps.durable_task.DurableTaskStep$Execution.run(DurableTaskStep.java:549)
	at java.base/java.util.concurrent.Executors$RunnableAdapter.call(Executors.java:515)
	at java.base/java.util.concurrent.FutureTask.run(FutureTask.java:264)
	at java.base/java.util.concurrent.ScheduledThreadPoolExecutor$ScheduledFutureTask.run(ScheduledThreadPoolExecutor.java:304)
	at java.base/java.util.concurrent.ThreadPoolExecutor.runWorker(ThreadPoolExecutor.java:1128)
	at java.base/java.util.concurrent.ThreadPoolExecutor$Worker.run(ThreadPoolExecutor.java:628)
	at java.base/java.lang.Thread.run(Thread.java:829)

[8mha:////4B+j4oFUz2jXPf31VfD/TWXruR5wgeeqGqCpw7WKnbRLAAAApB+LCAAAAAAAAP9tjTEOwjAQBC9BFLSUPOKCaCgQVVrLDS8wsTFOrDtjOyQVL+Jr/IFAJCq2WO1sM88XLFOEI0eLraHOUWocBt/baeHAsbt4HrDlMzZMib1BaQbJ2tQzSs4G5hQlLASsDDWekyObYS1adVeVV2SrU47TdxBQOn2DBxRiMmcV8xfGCJtrrxPTz/NXAGMIGcr97lPbNw6UqG6+AAAA[0m[Pipeline] }
[8mha:////4N1zl+sJ1n882yCOR5t2OMh20c+8Lhlfbefjc22qZ1ETAAAAph+LCAAAAAAAAP9tjTEOwjAQBC9BFLSUPOJSIIEQSkVrueEFJjHGiXUXbAen4kV8jT9gEYmKLVY728zrDcvgoWZvsNPUWwqNxcGNJi9M7Pur44QdX7BhCuw0Sp0kt/o0o+SoYU5RwkLASlPjOFgyEdaiUw9VOUWmOkefv6OA0rZ3eEIhsjkqH78wedjcxjYw/Tx/BTANQ4Ryv821O3wATs4zxb4AAAA=[0m[Pipeline] // stage
[8mha:////4EDfQYCqY6Jhi1pERSZ1n6Nj0tvuKIdnMi8Ewb38d+7BAAAAph+LCAAAAAAAAP9tjTEOwjAQBC9BFLSUPOIiEBIFSkVrueEFJjHGiXUXbAen4kV8jT9gEYmKLVY728zrDcvgoWZvsNPUWwqNxcGNJi9M7Pur44QdX7BhCuw0Sp0kt/o0o+SoYU5RwkLASlPjOFgyEdaiUw9VOUWmOkefv6OA0rZ3eEIhsjkqH78wedjcxjYw/Tx/BTANQ4TysM+13X0AubGlAL4AAAA=[0m[Pipeline] }
[8mha:////4JfQvK7u+6phHgq4M/dStSeB/SgkgbVtG+6ASFFZ9W6DAAAApR+LCAAAAAAAAP9tjTEOwjAQBC9BFLSUPOKiFIgCUaW10vACExvjxLoztkNS8SK+xh+wiETFFqudbeb1hnUMcOJgsNc0WIqdRe9GkxdOHIar4wl7vmDHFNlpbPXUstLNgi0nDUuKElYCNpo6x9GSSbAVvXzIykky1TmF/B0FlFbd4QmFyOYkQ/rCHGB3G1Vk+nn+CmD2PkF52Oeq6w+mM/BSvgAAAA==[0m[Pipeline] // withEnv
[8mha:////4JWvyUCzuhPHWL4KdJ7BrfC6DWqOkeRlrUKVoowvfMtvAAAAox+LCAAAAAAAAP9tjTEOwjAQBDdBFLSUPMJpEBSIitZKwwtMYowT6y7YF5KKF/E1/kBEJCq22plmXm8sU8SRo1ONpdZTqrzqQu+mpwaO7TXwoBq+qIopcbCqtEPJtT3NWLJYzMtyLDRWlqrAyZMTrHVjHqYIhlxxlji5g0bu6zueyPRUFhPlC2PE5tbXienX+RvA2HWCfL8TZNsPOD1ci70AAAA=[0m[Pipeline] }
[8mha:////4Ffg4trDylAT+RT2uUDM/Zf27dn60KkZr3jEzAWCQOAWAAAAox+LCAAAAAAAAP9tjTESgjAQRT84FraWHiIUFhSOlW2GxhNEiDGQ2cVkESpP5NW8g4zMWPmr/17zXm+sU8SRo1Otpc5Tqr3qw+Dmp0aO3TXwqFq+qJopcbCqsmPFjT0tWLFYLMtyrDQ2lurAyZMTbHVrHqYIhlxxlji7g0bumzueyPRcFhPlC1PE7jY0ienX+RvA1PeCvCwF2f4DK4FYKL0AAAA=[0m[Pipeline] // node
[8mha:////4KuZYqF3YSrlh7Iopddb+q32L3FG/xznDfvDGC+I6/mTAAAApB+LCAAAAAAAAP9tjTEOwjAQBDdBFLSUPMKRaEBCVLRWGl5gEmOcWHfBvpBUvIiv8QciIlGx1c4083pjmSKOHJ1qLLWeUuVVF3o3PTVwbK+BB9XwRVVMiYNVpR1Kru1pxpLFYl6WY6GxslQFTp6cYK0b8zBFMOSKs8TJHTRyX9/xRKanspgoXxgjNre+Tky/zt8Axq4T5Lu9INt+AGwmD929AAAA[0m[Pipeline] End of Pipeline
ERROR: script returned exit code 1
Finished: FAILURE
